2024-08-20 02:00:52,593 - INFO - Data successfully loaded from ./data/USA_Housing.csv
2024-08-20 02:00:52,597 - INFO - Outliers handled for column: Avg. Area Income
2024-08-20 02:00:52,599 - INFO - Outliers handled for column: Avg. Area House Age
2024-08-20 02:00:52,600 - INFO - Feature RoomBedroom_Ratio created.
2024-08-20 02:00:52,881 - INFO - Trained Lasso with CV MAE: 81163.1498, R2: 0.9186
2024-08-20 02:00:52,916 - INFO - Model Evaluation: {'MAE': 83719.94861764884, 'MSE': 10780100119.70822, 'R2': 0.9119627036785045}
2024-08-20 02:01:48,422 - INFO - Data successfully loaded from ./data/USA_Housing.csv
2024-08-20 02:01:48,427 - INFO - Outliers handled for column: Avg. Area Income
2024-08-20 02:01:48,430 - INFO - Outliers handled for column: Avg. Area House Age
2024-08-20 02:01:48,431 - INFO - Feature RoomBedroom_Ratio created.
2024-08-20 02:01:48,651 - INFO - Trained Lasso with CV MAE: 81163.1498, R2: 0.9186
2024-08-20 02:01:48,688 - INFO - Model Evaluation: {'MAE': 83719.94861764884, 'MSE': 10780100119.70822, 'R2': 0.9119627036785045}
2024-08-20 02:39:09,203 - INFO - Data successfully loaded from ./data/USA_Housing.csv
2024-08-20 02:39:09,205 - INFO - Outliers handled for column: Avg. Area Income
2024-08-20 02:39:09,208 - INFO - Outliers handled for column: Avg. Area House Age
2024-08-20 02:39:09,209 - INFO - Feature RoomBedroom_Ratio created.
2024-08-20 02:43:33,474 - INFO - Data successfully loaded from ./data/USA_Housing.csv
2024-08-20 02:43:33,477 - INFO - Outliers handled for column: Avg. Area Income
2024-08-20 02:43:33,479 - INFO - Outliers handled for column: Avg. Area House Age
2024-08-20 02:43:33,479 - INFO - Feature RoomBedroom_Ratio created.
2024-08-20 02:48:29,406 - INFO - Data successfully loaded from ./data/USA_Housing.csv
2024-08-20 02:48:29,410 - INFO - Outliers handled for column: Avg. Area Income
2024-08-20 02:48:29,412 - INFO - Outliers handled for column: Avg. Area House Age
2024-08-20 02:48:29,413 - INFO - Feature RoomBedroom_Ratio created.
2024-08-20 02:48:31,196 - INFO - Best Model params: {'alpha': 100, 'max_iter': 1000}
2024-08-20 02:48:31,202 - INFO - Grid Search CV results: {'mean_fit_time': array([0.00911555, 0.00685892, 0.0068768 , 0.00445752, 0.00638928,
       0.00684781, 0.00592141, 0.00530972, 0.00483198, 0.00458803,
       0.00458159, 0.00393891, 0.00295415, 0.00285244, 0.00342155]), 'std_fit_time': array([0.00261372, 0.00218136, 0.00249201, 0.00075937, 0.00079082,
       0.00119859, 0.00108386, 0.00109858, 0.00024939, 0.00149062,
       0.00138667, 0.00084947, 0.00046452, 0.00098052, 0.00081987]), 'mean_score_time': array([0.001053  , 0.00091724, 0.00083971, 0.00065365, 0.00095415,
       0.00098367, 0.00090008, 0.00090089, 0.0009191 , 0.00092092,
       0.00089397, 0.00085397, 0.00085855, 0.00078979, 0.0009016 ]), 'std_score_time': array([9.03998997e-05, 2.48370529e-04, 2.74969750e-04, 1.74266244e-04,
       6.50041162e-05, 8.04542285e-05, 1.23361690e-04, 1.04623723e-04,
       1.09214656e-04, 1.47419018e-04, 1.29630144e-04, 1.05825668e-04,
       1.72786667e-04, 3.09836684e-04, 1.55941397e-04]), 'param_alpha': masked_array(data=[0.01, 0.01, 0.01, 0.1, 0.1, 0.1, 1.0, 1.0, 1.0, 10.0,
                   10.0, 10.0, 100.0, 100.0, 100.0],
             mask=[False, False, False, False, False, False, False, False,
                   False, False, False, False, False, False, False],
       fill_value=1e+20), 'param_max_iter': masked_array(data=[1000, 2000, 5000, 1000, 2000, 5000, 1000, 2000, 5000,
                   1000, 2000, 5000, 1000, 2000, 5000],
             mask=[False, False, False, False, False, False, False, False,
                   False, False, False, False, False, False, False],
       fill_value=999999), 'params': [{'alpha': 0.01, 'max_iter': 1000}, {'alpha': 0.01, 'max_iter': 2000}, {'alpha': 0.01, 'max_iter': 5000}, {'alpha': 0.1, 'max_iter': 1000}, {'alpha': 0.1, 'max_iter': 2000}, {'alpha': 0.1, 'max_iter': 5000}, {'alpha': 1, 'max_iter': 1000}, {'alpha': 1, 'max_iter': 2000}, {'alpha': 1, 'max_iter': 5000}, {'alpha': 10, 'max_iter': 1000}, {'alpha': 10, 'max_iter': 2000}, {'alpha': 10, 'max_iter': 5000}, {'alpha': 100, 'max_iter': 1000}, {'alpha': 100, 'max_iter': 2000}, {'alpha': 100, 'max_iter': 5000}], 'split0_test_score': array([-78553.18041332, -78553.18041332, -78553.18041332, -78553.15252382,
       -78553.15252382, -78553.15252382, -78552.87318269, -78552.87318269,
       -78552.87318269, -78550.08460791, -78550.08460791, -78550.08460791,
       -78522.25362867, -78522.25362867, -78522.25362867]), 'split1_test_score': array([-80158.3916284 , -80158.3916284 , -80158.3916284 , -80158.38804121,
       -80158.38804121, -80158.38804121, -80158.35151728, -80158.35151728,
       -80158.35151728, -80157.99438105, -80157.99438105, -80157.99438105,
       -80154.523824  , -80154.523824  , -80154.523824  ]), 'split2_test_score': array([-83809.99602355, -83809.99602355, -83809.99602355, -83809.98804589,
       -83809.98804589, -83809.98804589, -83809.90833866, -83809.90833866,
       -83809.90833866, -83809.14480145, -83809.14480145, -83809.14480145,
       -83810.99243836, -83810.99243836, -83810.99243836]), 'split3_test_score': array([-79559.64198007, -79559.64198007, -79559.64198007, -79559.60121285,
       -79559.60121285, -79559.60121285, -79559.19342764, -79559.19342764,
       -79559.19342764, -79555.12129071, -79555.12129071, -79555.12129071,
       -79517.69861888, -79517.69861888, -79517.69861888]), 'split4_test_score': array([-83734.62029688, -83734.62029688, -83734.62029688, -83734.61920924,
       -83734.61920924, -83734.61920924, -83734.60783359, -83734.60783359,
       -83734.60783359, -83734.64838278, -83734.64838278, -83734.64838278,
       -83739.42073758, -83739.42073758, -83739.42073758]), 'mean_test_score': array([-81163.16606845, -81163.16606845, -81163.16606845, -81163.1498066 ,
       -81163.1498066 , -81163.1498066 , -81162.98685997, -81162.98685997,
       -81162.98685997, -81161.39869278, -81161.39869278, -81161.39869278,
       -81148.9778495 , -81148.9778495 , -81148.9778495 ]), 'std_test_score': array([2191.39097185, 2191.39097185, 2191.39097185, 2191.40172801,
       2191.40172801, 2191.40172801, 2191.50937484, 2191.50937484,
       2191.50937484, 2192.62773758, 2192.62773758, 2192.62773758,
       2206.64482403, 2206.64482403, 2206.64482403]), 'rank_test_score': array([13, 13, 13, 10, 10, 10,  7,  7,  7,  4,  4,  4,  1,  1,  1],
      dtype=int32)}
2024-08-20 02:48:31,212 - INFO - Model Evaluation: {'MAE': 83724.05475085798, 'MSE': 10781382529.790146, 'R2': 0.9119522306851988}
2024-08-20 02:48:32,450 - INFO - Data successfully loaded from ./data/USA_Housing.csv
2024-08-20 02:48:32,453 - INFO - Outliers handled for column: Avg. Area Income
2024-08-20 02:48:32,455 - INFO - Outliers handled for column: Avg. Area House Age
2024-08-20 02:48:32,456 - INFO - Feature RoomBedroom_Ratio created.
2024-08-20 02:48:34,140 - INFO - Best Model params: {'alpha': 100, 'max_iter': 1000}
2024-08-20 02:48:34,165 - INFO - Grid Search CV results: {'mean_fit_time': array([0.00674663, 0.00829368, 0.00558443, 0.0046216 , 0.00561485,
       0.00628147, 0.00656576, 0.00616417, 0.00681772, 0.00505328,
       0.00629363, 0.00439997, 0.0027072 , 0.00371046, 0.00370688]), 'std_fit_time': array([0.00212983, 0.00235939, 0.00101479, 0.00099462, 0.00025354,
       0.00060965, 0.00146337, 0.00174331, 0.00154762, 0.00099956,
       0.0020157 , 0.00153834, 0.00097991, 0.00150258, 0.00084363]), 'mean_score_time': array([0.00089684, 0.00125184, 0.0007596 , 0.00065646, 0.00090475,
       0.0011004 , 0.00117216, 0.00101337, 0.00127292, 0.00118127,
       0.00104909, 0.00066366, 0.00063972, 0.00095172, 0.00065007]), 'std_score_time': array([1.12302247e-04, 5.84054195e-04, 2.00605398e-04, 1.68529970e-04,
       6.70359785e-05, 3.46764643e-04, 3.34750471e-04, 1.66481778e-04,
       3.46471369e-04, 1.67343526e-04, 2.53244592e-04, 1.56294870e-04,
       2.31298729e-04, 3.12119094e-04, 1.79524384e-04]), 'param_alpha': masked_array(data=[0.01, 0.01, 0.01, 0.1, 0.1, 0.1, 1.0, 1.0, 1.0, 10.0,
                   10.0, 10.0, 100.0, 100.0, 100.0],
             mask=[False, False, False, False, False, False, False, False,
                   False, False, False, False, False, False, False],
       fill_value=1e+20), 'param_max_iter': masked_array(data=[1000, 2000, 5000, 1000, 2000, 5000, 1000, 2000, 5000,
                   1000, 2000, 5000, 1000, 2000, 5000],
             mask=[False, False, False, False, False, False, False, False,
                   False, False, False, False, False, False, False],
       fill_value=999999), 'params': [{'alpha': 0.01, 'max_iter': 1000}, {'alpha': 0.01, 'max_iter': 2000}, {'alpha': 0.01, 'max_iter': 5000}, {'alpha': 0.1, 'max_iter': 1000}, {'alpha': 0.1, 'max_iter': 2000}, {'alpha': 0.1, 'max_iter': 5000}, {'alpha': 1, 'max_iter': 1000}, {'alpha': 1, 'max_iter': 2000}, {'alpha': 1, 'max_iter': 5000}, {'alpha': 10, 'max_iter': 1000}, {'alpha': 10, 'max_iter': 2000}, {'alpha': 10, 'max_iter': 5000}, {'alpha': 100, 'max_iter': 1000}, {'alpha': 100, 'max_iter': 2000}, {'alpha': 100, 'max_iter': 5000}], 'split0_test_score': array([-78553.18041332, -78553.18041332, -78553.18041332, -78553.15252382,
       -78553.15252382, -78553.15252382, -78552.87318269, -78552.87318269,
       -78552.87318269, -78550.08460791, -78550.08460791, -78550.08460791,
       -78522.25362867, -78522.25362867, -78522.25362867]), 'split1_test_score': array([-80158.3916284 , -80158.3916284 , -80158.3916284 , -80158.38804121,
       -80158.38804121, -80158.38804121, -80158.35151728, -80158.35151728,
       -80158.35151728, -80157.99438105, -80157.99438105, -80157.99438105,
       -80154.523824  , -80154.523824  , -80154.523824  ]), 'split2_test_score': array([-83809.99602355, -83809.99602355, -83809.99602355, -83809.98804589,
       -83809.98804589, -83809.98804589, -83809.90833866, -83809.90833866,
       -83809.90833866, -83809.14480145, -83809.14480145, -83809.14480145,
       -83810.99243836, -83810.99243836, -83810.99243836]), 'split3_test_score': array([-79559.64198007, -79559.64198007, -79559.64198007, -79559.60121285,
       -79559.60121285, -79559.60121285, -79559.19342764, -79559.19342764,
       -79559.19342764, -79555.12129071, -79555.12129071, -79555.12129071,
       -79517.69861888, -79517.69861888, -79517.69861888]), 'split4_test_score': array([-83734.62029688, -83734.62029688, -83734.62029688, -83734.61920924,
       -83734.61920924, -83734.61920924, -83734.60783359, -83734.60783359,
       -83734.60783359, -83734.64838278, -83734.64838278, -83734.64838278,
       -83739.42073758, -83739.42073758, -83739.42073758]), 'mean_test_score': array([-81163.16606845, -81163.16606845, -81163.16606845, -81163.1498066 ,
       -81163.1498066 , -81163.1498066 , -81162.98685997, -81162.98685997,
       -81162.98685997, -81161.39869278, -81161.39869278, -81161.39869278,
       -81148.9778495 , -81148.9778495 , -81148.9778495 ]), 'std_test_score': array([2191.39097185, 2191.39097185, 2191.39097185, 2191.40172801,
       2191.40172801, 2191.40172801, 2191.50937484, 2191.50937484,
       2191.50937484, 2192.62773758, 2192.62773758, 2192.62773758,
       2206.64482403, 2206.64482403, 2206.64482403]), 'rank_test_score': array([13, 13, 13, 10, 10, 10,  7,  7,  7,  4,  4,  4,  1,  1,  1],
      dtype=int32)}
2024-08-20 02:48:34,187 - INFO - Model Evaluation: {'MAE': 83724.05475085798, 'MSE': 10781382529.790146, 'R2': 0.9119522306851988}
2024-08-20 16:06:42,230 - INFO - Data successfully loaded from ./data/USA_Housing.csv
2024-08-20 16:06:42,240 - INFO - Outliers handled for column: Avg. Area Income
2024-08-20 16:06:42,244 - INFO - Outliers handled for column: Avg. Area House Age
2024-08-20 16:06:42,246 - INFO - Feature RoomBedroom_Ratio created.
2024-08-20 16:06:42,255 - INFO - PCA will be applied with 5 components.
2024-08-20 16:06:48,765 - INFO - Data successfully loaded from ./data/USA_Housing.csv
2024-08-20 16:06:48,768 - INFO - Outliers handled for column: Avg. Area Income
2024-08-20 16:06:48,772 - INFO - Outliers handled for column: Avg. Area House Age
2024-08-20 16:06:48,773 - INFO - Feature RoomBedroom_Ratio created.
2024-08-20 16:06:48,776 - INFO - PCA will be applied with 5 components.
2024-08-20 16:06:59,828 - INFO - Data successfully loaded from ./data/USA_Housing.csv
2024-08-20 16:06:59,831 - INFO - Outliers handled for column: Avg. Area Income
2024-08-20 16:06:59,833 - INFO - Outliers handled for column: Avg. Area House Age
2024-08-20 16:06:59,834 - INFO - Feature RoomBedroom_Ratio created.
2024-08-20 16:06:59,836 - INFO - PCA will be applied with 5 components.
2024-08-20 16:07:01,699 - INFO - Best Model params: {'model__alpha': 0.01, 'model__max_iter': 1000}
2024-08-20 16:07:01,701 - INFO - Grid Search CV results: {'mean_fit_time': array([0.01051445, 0.00900931, 0.00652847, 0.00795436, 0.00764523,
       0.00833073, 0.00719595, 0.00724492, 0.00801034, 0.00759306,
       0.00838876, 0.00764856, 0.00831175, 0.00843396, 0.00786085]), 'std_fit_time': array([0.00221054, 0.00185704, 0.00184529, 0.00227625, 0.00135246,
       0.00163288, 0.00121461, 0.00131291, 0.00188827, 0.00116084,
       0.00144953, 0.00119874, 0.00145402, 0.00254979, 0.00162837]), 'mean_score_time': array([0.00331059, 0.00259271, 0.00186276, 0.00214605, 0.00266204,
       0.00256982, 0.00251408, 0.00229611, 0.00259323, 0.00243335,
       0.0025795 , 0.00234585, 0.00273051, 0.00287271, 0.00240479]), 'std_score_time': array([1.10867245e-03, 4.17250404e-04, 5.93301039e-04, 6.62850052e-04,
       3.76513670e-04, 5.32609488e-04, 5.25989652e-04, 3.67281016e-05,
       6.04391698e-04, 7.48084443e-04, 5.42008727e-04, 3.57852528e-04,
       6.01716379e-04, 6.40911696e-04, 5.73905772e-04]), 'param_model__alpha': masked_array(data=[0.01, 0.01, 0.01, 0.1, 0.1, 0.1, 1.0, 1.0, 1.0, 10.0,
                   10.0, 10.0, 100.0, 100.0, 100.0],
             mask=[False, False, False, False, False, False, False, False,
                   False, False, False, False, False, False, False],
       fill_value=1e+20), 'param_model__max_iter': masked_array(data=[1000, 2000, 5000, 1000, 2000, 5000, 1000, 2000, 5000,
                   1000, 2000, 5000, 1000, 2000, 5000],
             mask=[False, False, False, False, False, False, False, False,
                   False, False, False, False, False, False, False],
       fill_value=999999), 'params': [{'model__alpha': 0.01, 'model__max_iter': 1000}, {'model__alpha': 0.01, 'model__max_iter': 2000}, {'model__alpha': 0.01, 'model__max_iter': 5000}, {'model__alpha': 0.1, 'model__max_iter': 1000}, {'model__alpha': 0.1, 'model__max_iter': 2000}, {'model__alpha': 0.1, 'model__max_iter': 5000}, {'model__alpha': 1, 'model__max_iter': 1000}, {'model__alpha': 1, 'model__max_iter': 2000}, {'model__alpha': 1, 'model__max_iter': 5000}, {'model__alpha': 10, 'model__max_iter': 1000}, {'model__alpha': 10, 'model__max_iter': 2000}, {'model__alpha': 10, 'model__max_iter': 5000}, {'model__alpha': 100, 'model__max_iter': 1000}, {'model__alpha': 100, 'model__max_iter': 2000}, {'model__alpha': 100, 'model__max_iter': 5000}], 'split0_test_score': array([-78537.04905906, -78537.04905906, -78537.04905906, -78537.04320392,
       -78537.04320392, -78537.04320392, -78536.98465253, -78536.98465253,
       -78536.98465253, -78536.39913869, -78536.39913869, -78536.39913869,
       -78530.54400031, -78530.54400031, -78530.54400031]), 'split1_test_score': array([-80755.61689263, -80755.61689263, -80755.61689263, -80755.6112315 ,
       -80755.6112315 , -80755.6112315 , -80755.55462018, -80755.55462018,
       -80755.55462018, -80755.01823253, -80755.01823253, -80755.01823253,
       -80749.69383541, -80749.69383541, -80749.69383541]), 'split2_test_score': array([-84035.21376303, -84035.21376303, -84035.21376303, -84035.22427819,
       -84035.22427819, -84035.22427819, -84035.32942977, -84035.32942977,
       -84035.32942977, -84036.38094562, -84036.38094562, -84036.38094562,
       -84047.03827892, -84047.03827892, -84047.03827892]), 'split3_test_score': array([-79469.92088853, -79469.92088853, -79469.92088853, -79469.91932652,
       -79469.91932652, -79469.91932652, -79469.90370634, -79469.90370634,
       -79469.90370634, -79469.74750459, -79469.74750459, -79469.74750459,
       -79468.18548706, -79468.18548706, -79468.18548706]), 'split4_test_score': array([-84207.37499997, -84207.37499997, -84207.37499997, -84207.38396398,
       -84207.38396398, -84207.38396398, -84207.47360406, -84207.47360406,
       -84207.47360406, -84208.37000496, -84208.37000496, -84208.37000496,
       -84217.3340139 , -84217.3340139 , -84217.3340139 ]), 'mean_test_score': array([-81401.03512064, -81401.03512064, -81401.03512064, -81401.03640082,
       -81401.03640082, -81401.03640082, -81401.04920258, -81401.04920258,
       -81401.04920258, -81401.18316528, -81401.18316528, -81401.18316528,
       -81402.55912312, -81402.55912312, -81402.55912312]), 'std_test_score': array([2330.77770994, 2330.77770994, 2330.77770994, 2330.78425661,
       2330.78425661, 2330.78425661, 2330.84972347, 2330.84972347,
       2330.84972347, 2331.50276196, 2331.50276196, 2331.50276196,
       2338.06471273, 2338.06471273, 2338.06471273]), 'rank_test_score': array([ 1,  1,  1,  4,  4,  4,  7,  7,  7, 10, 10, 10, 13, 13, 13],
      dtype=int32)}
2024-08-20 16:07:01,711 - INFO - Model Evaluation: {'MAE': 83927.03145458814, 'MSE': 10869121142.762869, 'R2': 0.9112357002092902}
2024-08-20 16:07:03,002 - INFO - Data successfully loaded from ./data/USA_Housing.csv
2024-08-20 16:07:03,005 - INFO - Outliers handled for column: Avg. Area Income
2024-08-20 16:07:03,007 - INFO - Outliers handled for column: Avg. Area House Age
2024-08-20 16:07:03,007 - INFO - Feature RoomBedroom_Ratio created.
2024-08-20 16:07:03,010 - INFO - PCA will be applied with 5 components.
2024-08-20 16:07:04,792 - INFO - Best Model params: {'model__alpha': 0.01, 'model__max_iter': 1000}
2024-08-20 16:07:04,794 - INFO - Grid Search CV results: {'mean_fit_time': array([0.00823121, 0.00847249, 0.00932074, 0.00762453, 0.00910711,
       0.00946589, 0.00800776, 0.00786052, 0.00733581, 0.00731688,
       0.00895605, 0.00825005, 0.00993004, 0.00688534, 0.0072866 ]), 'std_fit_time': array([0.00171442, 0.00220708, 0.00404307, 0.0031955 , 0.0016007 ,
       0.00437435, 0.00144589, 0.00151525, 0.0013033 , 0.00135948,
       0.00130532, 0.00154762, 0.00033384, 0.00025453, 0.00125652]), 'mean_score_time': array([0.00348949, 0.00222883, 0.00216064, 0.00188193, 0.00336089,
       0.00278459, 0.0025681 , 0.00235977, 0.00246229, 0.00222068,
       0.00272527, 0.00248165, 0.00351143, 0.00237985, 0.00214887]), 'std_score_time': array([0.00171025, 0.00047198, 0.00039581, 0.00050609, 0.00127891,
       0.00061835, 0.00066836, 0.00056264, 0.00059536, 0.00052495,
       0.00058505, 0.00082641, 0.0003788 , 0.00080367, 0.00027404]), 'param_model__alpha': masked_array(data=[0.01, 0.01, 0.01, 0.1, 0.1, 0.1, 1.0, 1.0, 1.0, 10.0,
                   10.0, 10.0, 100.0, 100.0, 100.0],
             mask=[False, False, False, False, False, False, False, False,
                   False, False, False, False, False, False, False],
       fill_value=1e+20), 'param_model__max_iter': masked_array(data=[1000, 2000, 5000, 1000, 2000, 5000, 1000, 2000, 5000,
                   1000, 2000, 5000, 1000, 2000, 5000],
             mask=[False, False, False, False, False, False, False, False,
                   False, False, False, False, False, False, False],
       fill_value=999999), 'params': [{'model__alpha': 0.01, 'model__max_iter': 1000}, {'model__alpha': 0.01, 'model__max_iter': 2000}, {'model__alpha': 0.01, 'model__max_iter': 5000}, {'model__alpha': 0.1, 'model__max_iter': 1000}, {'model__alpha': 0.1, 'model__max_iter': 2000}, {'model__alpha': 0.1, 'model__max_iter': 5000}, {'model__alpha': 1, 'model__max_iter': 1000}, {'model__alpha': 1, 'model__max_iter': 2000}, {'model__alpha': 1, 'model__max_iter': 5000}, {'model__alpha': 10, 'model__max_iter': 1000}, {'model__alpha': 10, 'model__max_iter': 2000}, {'model__alpha': 10, 'model__max_iter': 5000}, {'model__alpha': 100, 'model__max_iter': 1000}, {'model__alpha': 100, 'model__max_iter': 2000}, {'model__alpha': 100, 'model__max_iter': 5000}], 'split0_test_score': array([-78537.04905906, -78537.04905906, -78537.04905906, -78537.04320392,
       -78537.04320392, -78537.04320392, -78536.98465253, -78536.98465253,
       -78536.98465253, -78536.39913869, -78536.39913869, -78536.39913869,
       -78530.54400031, -78530.54400031, -78530.54400031]), 'split1_test_score': array([-80755.61689263, -80755.61689263, -80755.61689263, -80755.6112315 ,
       -80755.6112315 , -80755.6112315 , -80755.55462018, -80755.55462018,
       -80755.55462018, -80755.01823253, -80755.01823253, -80755.01823253,
       -80749.69383541, -80749.69383541, -80749.69383541]), 'split2_test_score': array([-84035.21376303, -84035.21376303, -84035.21376303, -84035.22427819,
       -84035.22427819, -84035.22427819, -84035.32942977, -84035.32942977,
       -84035.32942977, -84036.38094562, -84036.38094562, -84036.38094562,
       -84047.03827892, -84047.03827892, -84047.03827892]), 'split3_test_score': array([-79469.92088853, -79469.92088853, -79469.92088853, -79469.91932652,
       -79469.91932652, -79469.91932652, -79469.90370634, -79469.90370634,
       -79469.90370634, -79469.74750459, -79469.74750459, -79469.74750459,
       -79468.18548706, -79468.18548706, -79468.18548706]), 'split4_test_score': array([-84207.37499997, -84207.37499997, -84207.37499997, -84207.38396398,
       -84207.38396398, -84207.38396398, -84207.47360406, -84207.47360406,
       -84207.47360406, -84208.37000496, -84208.37000496, -84208.37000496,
       -84217.3340139 , -84217.3340139 , -84217.3340139 ]), 'mean_test_score': array([-81401.03512064, -81401.03512064, -81401.03512064, -81401.03640082,
       -81401.03640082, -81401.03640082, -81401.04920258, -81401.04920258,
       -81401.04920258, -81401.18316528, -81401.18316528, -81401.18316528,
       -81402.55912312, -81402.55912312, -81402.55912312]), 'std_test_score': array([2330.77770994, 2330.77770994, 2330.77770994, 2330.78425661,
       2330.78425661, 2330.78425661, 2330.84972347, 2330.84972347,
       2330.84972347, 2331.50276196, 2331.50276196, 2331.50276196,
       2338.06471273, 2338.06471273, 2338.06471273]), 'rank_test_score': array([ 1,  1,  1,  4,  4,  4,  7,  7,  7, 10, 10, 10, 13, 13, 13],
      dtype=int32)}
2024-08-20 16:07:04,806 - INFO - Model Evaluation: {'MAE': 83927.03145458814, 'MSE': 10869121142.762869, 'R2': 0.9112357002092902}
2024-08-20 16:35:36,946 - INFO - Data successfully loaded from ./data/USA_Housing.csv
2024-08-20 16:35:36,948 - INFO - Outliers handled for column: Avg. Area Income
2024-08-20 16:35:36,949 - INFO - Outliers handled for column: Avg. Area House Age
2024-08-20 16:35:36,950 - INFO - Feature RoomBedroom_Ratio created.
2024-08-20 16:35:36,951 - INFO - PCA will be applied with 5 components.
2024-08-20 16:35:38,321 - INFO - Best Model params: {'model__alpha': 0.01, 'model__max_iter': 1000}
2024-08-20 16:35:38,323 - INFO - Grid Search CV results: {'mean_fit_time': array([0.00868201, 0.00783238, 0.00756106, 0.00619273, 0.00651751,
       0.00759983, 0.00552373, 0.00604753, 0.00595355, 0.00663033,
       0.00595646, 0.00600333, 0.00662432, 0.00673547, 0.00588021]), 'std_fit_time': array([0.00165409, 0.00104166, 0.00100878, 0.00138311, 0.00068977,
       0.0046163 , 0.00015921, 0.00040236, 0.00057735, 0.00040077,
       0.00020941, 0.00054515, 0.00052347, 0.00076002, 0.00037504]), 'mean_score_time': array([0.00216694, 0.00255427, 0.00206432, 0.00160828, 0.0023109 ,
       0.00170546, 0.00180163, 0.00198994, 0.00257993, 0.00219469,
       0.00180478, 0.00231538, 0.00213408, 0.00198121, 0.00191464]), 'std_score_time': array([1.84096471e-04, 4.34650569e-04, 1.45992759e-04, 4.67521620e-04,
       3.00947854e-04, 8.01687072e-05, 7.14743113e-05, 1.19113750e-04,
       8.36255442e-04, 1.11821964e-04, 2.83297275e-04, 4.20176788e-04,
       1.20036213e-04, 1.03374997e-04, 1.42712877e-04]), 'param_model__alpha': masked_array(data=[0.01, 0.01, 0.01, 0.1, 0.1, 0.1, 1.0, 1.0, 1.0, 10.0,
                   10.0, 10.0, 100.0, 100.0, 100.0],
             mask=[False, False, False, False, False, False, False, False,
                   False, False, False, False, False, False, False],
       fill_value=1e+20), 'param_model__max_iter': masked_array(data=[1000, 2000, 5000, 1000, 2000, 5000, 1000, 2000, 5000,
                   1000, 2000, 5000, 1000, 2000, 5000],
             mask=[False, False, False, False, False, False, False, False,
                   False, False, False, False, False, False, False],
       fill_value=999999), 'params': [{'model__alpha': 0.01, 'model__max_iter': 1000}, {'model__alpha': 0.01, 'model__max_iter': 2000}, {'model__alpha': 0.01, 'model__max_iter': 5000}, {'model__alpha': 0.1, 'model__max_iter': 1000}, {'model__alpha': 0.1, 'model__max_iter': 2000}, {'model__alpha': 0.1, 'model__max_iter': 5000}, {'model__alpha': 1, 'model__max_iter': 1000}, {'model__alpha': 1, 'model__max_iter': 2000}, {'model__alpha': 1, 'model__max_iter': 5000}, {'model__alpha': 10, 'model__max_iter': 1000}, {'model__alpha': 10, 'model__max_iter': 2000}, {'model__alpha': 10, 'model__max_iter': 5000}, {'model__alpha': 100, 'model__max_iter': 1000}, {'model__alpha': 100, 'model__max_iter': 2000}, {'model__alpha': 100, 'model__max_iter': 5000}], 'split0_test_score': array([-78537.04905906, -78537.04905906, -78537.04905906, -78537.04320392,
       -78537.04320392, -78537.04320392, -78536.98465253, -78536.98465253,
       -78536.98465253, -78536.39913869, -78536.39913869, -78536.39913869,
       -78530.54400031, -78530.54400031, -78530.54400031]), 'split1_test_score': array([-80755.61689263, -80755.61689263, -80755.61689263, -80755.6112315 ,
       -80755.6112315 , -80755.6112315 , -80755.55462018, -80755.55462018,
       -80755.55462018, -80755.01823253, -80755.01823253, -80755.01823253,
       -80749.69383541, -80749.69383541, -80749.69383541]), 'split2_test_score': array([-84035.21376303, -84035.21376303, -84035.21376303, -84035.22427819,
       -84035.22427819, -84035.22427819, -84035.32942977, -84035.32942977,
       -84035.32942977, -84036.38094562, -84036.38094562, -84036.38094562,
       -84047.03827892, -84047.03827892, -84047.03827892]), 'split3_test_score': array([-79469.92088853, -79469.92088853, -79469.92088853, -79469.91932652,
       -79469.91932652, -79469.91932652, -79469.90370634, -79469.90370634,
       -79469.90370634, -79469.74750459, -79469.74750459, -79469.74750459,
       -79468.18548706, -79468.18548706, -79468.18548706]), 'split4_test_score': array([-84207.37499997, -84207.37499997, -84207.37499997, -84207.38396398,
       -84207.38396398, -84207.38396398, -84207.47360406, -84207.47360406,
       -84207.47360406, -84208.37000496, -84208.37000496, -84208.37000496,
       -84217.3340139 , -84217.3340139 , -84217.3340139 ]), 'mean_test_score': array([-81401.03512064, -81401.03512064, -81401.03512064, -81401.03640082,
       -81401.03640082, -81401.03640082, -81401.04920258, -81401.04920258,
       -81401.04920258, -81401.18316528, -81401.18316528, -81401.18316528,
       -81402.55912312, -81402.55912312, -81402.55912312]), 'std_test_score': array([2330.77770994, 2330.77770994, 2330.77770994, 2330.78425661,
       2330.78425661, 2330.78425661, 2330.84972347, 2330.84972347,
       2330.84972347, 2331.50276196, 2331.50276196, 2331.50276196,
       2338.06471273, 2338.06471273, 2338.06471273]), 'rank_test_score': array([ 1,  1,  1,  4,  4,  4,  7,  7,  7, 10, 10, 10, 13, 13, 13],
      dtype=int32)}
2024-08-20 16:35:38,326 - INFO - Model Evaluation: {'MAE': 83927.03145458814, 'MSE': 10869121142.762869, 'R2': 0.9112357002092902}
2024-08-20 16:35:38,328 - INFO - Model saved to best_lasso_model.pkl
2024-08-20 16:45:04,960 - INFO - Data successfully loaded from ./data/USA_Housing.csv
2024-08-20 16:45:04,961 - INFO - Feature RoomBedroom_Ratio created.
2024-08-20 16:45:04,962 - INFO - PCA will be applied with 5 components.
2024-08-20 16:45:06,438 - INFO - Best Model params: {'model__alpha': 0.01, 'model__max_iter': 1000}
2024-08-20 16:45:06,441 - INFO - Grid Search CV results: {'mean_fit_time': array([0.02530036, 0.02554684, 0.02772522, 0.02235532, 0.02198415,
       0.02145395, 0.02093611, 0.02066545, 0.02365856, 0.02267103,
       0.0227057 , 0.01965141, 0.01883173, 0.01823978, 0.01618471]), 'std_fit_time': array([0.00461638, 0.00245182, 0.00307162, 0.00470442, 0.00167421,
       0.00199129, 0.00220617, 0.00122041, 0.00252218, 0.00212889,
       0.00233913, 0.00144696, 0.00213952, 0.00211232, 0.00399541]), 'mean_score_time': array([0.00270219, 0.00293107, 0.00265288, 0.00252347, 0.00252852,
       0.00274282, 0.00239635, 0.00244465, 0.00274839, 0.00287108,
       0.00264287, 0.0020051 , 0.00199571, 0.00189414, 0.00162272]), 'std_score_time': array([0.00041941, 0.00059707, 0.00031922, 0.00055666, 0.00023734,
       0.00054337, 0.00017062, 0.00021286, 0.00033898, 0.00043917,
       0.00016336, 0.00042317, 0.00042823, 0.00038889, 0.00027236]), 'param_model__alpha': masked_array(data=[0.01, 0.01, 0.01, 0.1, 0.1, 0.1, 1.0, 1.0, 1.0, 10.0,
                   10.0, 10.0, 100.0, 100.0, 100.0],
             mask=[False, False, False, False, False, False, False, False,
                   False, False, False, False, False, False, False],
       fill_value=1e+20), 'param_model__max_iter': masked_array(data=[1000, 2000, 5000, 1000, 2000, 5000, 1000, 2000, 5000,
                   1000, 2000, 5000, 1000, 2000, 5000],
             mask=[False, False, False, False, False, False, False, False,
                   False, False, False, False, False, False, False],
       fill_value=999999), 'params': [{'model__alpha': 0.01, 'model__max_iter': 1000}, {'model__alpha': 0.01, 'model__max_iter': 2000}, {'model__alpha': 0.01, 'model__max_iter': 5000}, {'model__alpha': 0.1, 'model__max_iter': 1000}, {'model__alpha': 0.1, 'model__max_iter': 2000}, {'model__alpha': 0.1, 'model__max_iter': 5000}, {'model__alpha': 1, 'model__max_iter': 1000}, {'model__alpha': 1, 'model__max_iter': 2000}, {'model__alpha': 1, 'model__max_iter': 5000}, {'model__alpha': 10, 'model__max_iter': 1000}, {'model__alpha': 10, 'model__max_iter': 2000}, {'model__alpha': 10, 'model__max_iter': 5000}, {'model__alpha': 100, 'model__max_iter': 1000}, {'model__alpha': 100, 'model__max_iter': 2000}, {'model__alpha': 100, 'model__max_iter': 5000}], 'split0_test_score': array([-78308.35968836, -78308.35968836, -78308.35968836, -78308.35001692,
       -78308.35001692, -78308.35001692, -78308.25330256, -78308.25330256,
       -78308.25330256, -78307.28615893, -78307.28615893, -78307.28615893,
       -78297.61472267, -78297.61472267, -78297.61472267]), 'split1_test_score': array([-80818.21873943, -80818.21873943, -80818.21873943, -80818.2108713 ,
       -80818.2108713 , -80818.2108713 , -80818.13219002, -80818.13219002,
       -80818.13219002, -80817.34537725, -80817.34537725, -80817.34537725,
       -80809.47724948, -80809.47724948, -80809.47724948]), 'split2_test_score': array([-83524.71004576, -83524.71004576, -83524.71004576, -83524.7301437 ,
       -83524.7301437 , -83524.7301437 , -83524.93112315, -83524.93112315,
       -83524.93112315, -83526.94091767, -83526.94091767, -83526.94091767,
       -83547.03886286, -83547.03886286, -83547.03886286]), 'split3_test_score': array([-79393.926081  , -79393.926081  , -79393.926081  , -79393.9221465 ,
       -79393.9221465 , -79393.9221465 , -79393.88280144, -79393.88280144,
       -79393.88280144, -79393.48935086, -79393.48935086, -79393.48935086,
       -79389.55484503, -79389.55484503, -79389.55484503]), 'split4_test_score': array([-84270.65224643, -84270.65224643, -84270.65224643, -84270.66803346,
       -84270.66803346, -84270.66803346, -84270.82590381, -84270.82590381,
       -84270.82590381, -84272.4046073 , -84272.4046073 , -84272.4046073 ,
       -84288.1916422 , -84288.1916422 , -84288.1916422 ]), 'mean_test_score': array([-81263.1733602 , -81263.1733602 , -81263.1733602 , -81263.17624238,
       -81263.17624238, -81263.17624238, -81263.2050642 , -81263.2050642 ,
       -81263.2050642 , -81263.4932824 , -81263.4932824 , -81263.4932824 ,
       -81266.37546445, -81266.37546445, -81266.37546445]), 'std_test_score': array([2305.75242695, 2305.75242695, 2305.75242695, 2305.76390817,
       2305.76390817, 2305.76390817, 2305.87872099, 2305.87872099,
       2305.87872099, 2307.02690807, 2307.02690807, 2307.02690807,
       2318.51463257, 2318.51463257, 2318.51463257]), 'rank_test_score': array([ 1,  1,  1,  4,  4,  4,  7,  7,  7, 10, 10, 10, 13, 13, 13],
      dtype=int32)}
2024-08-20 16:45:06,445 - INFO - Model Evaluation: {'MAE': 83716.26417039713, 'MSE': 10852736255.16595, 'R2': 0.9113695098389362}
2024-08-20 16:45:06,450 - INFO - Model saved to best_lasso_model.pkl
2024-08-20 16:45:07,319 - INFO - Data successfully loaded from ./data/USA_Housing.csv
2024-08-20 16:45:07,320 - INFO - Feature RoomBedroom_Ratio created.
2024-08-20 16:45:07,321 - INFO - PCA will be applied with 5 components.
2024-08-20 16:45:08,567 - INFO - Best Model params: {'model__alpha': 0.01, 'model__max_iter': 1000}
2024-08-20 16:45:08,569 - INFO - Grid Search CV results: {'mean_fit_time': array([0.02564559, 0.02278781, 0.02355294, 0.02207975, 0.01934996,
       0.02136846, 0.01901526, 0.02004466, 0.02067957, 0.0198482 ,
       0.01934476, 0.0193984 , 0.01687942, 0.01648602, 0.01395211]), 'std_fit_time': array([0.0027722 , 0.00153457, 0.0020058 , 0.00225888, 0.00129895,
       0.00217215, 0.00096537, 0.00183632, 0.00177014, 0.00226508,
       0.00196852, 0.00169814, 0.0032898 , 0.0030681 , 0.00333853]), 'mean_score_time': array([0.00280972, 0.00260243, 0.00304918, 0.00229769, 0.00255852,
       0.00298138, 0.00235128, 0.00243011, 0.00249176, 0.0023499 ,
       0.00264206, 0.00216484, 0.00155802, 0.00132766, 0.0016592 ]), 'std_score_time': array([0.00017309, 0.00021365, 0.00078734, 0.00053192, 0.00055168,
       0.0009055 , 0.00017387, 0.0003739 , 0.00019255, 0.00021142,
       0.00071356, 0.00037233, 0.00039351, 0.00012166, 0.00046498]), 'param_model__alpha': masked_array(data=[0.01, 0.01, 0.01, 0.1, 0.1, 0.1, 1.0, 1.0, 1.0, 10.0,
                   10.0, 10.0, 100.0, 100.0, 100.0],
             mask=[False, False, False, False, False, False, False, False,
                   False, False, False, False, False, False, False],
       fill_value=1e+20), 'param_model__max_iter': masked_array(data=[1000, 2000, 5000, 1000, 2000, 5000, 1000, 2000, 5000,
                   1000, 2000, 5000, 1000, 2000, 5000],
             mask=[False, False, False, False, False, False, False, False,
                   False, False, False, False, False, False, False],
       fill_value=999999), 'params': [{'model__alpha': 0.01, 'model__max_iter': 1000}, {'model__alpha': 0.01, 'model__max_iter': 2000}, {'model__alpha': 0.01, 'model__max_iter': 5000}, {'model__alpha': 0.1, 'model__max_iter': 1000}, {'model__alpha': 0.1, 'model__max_iter': 2000}, {'model__alpha': 0.1, 'model__max_iter': 5000}, {'model__alpha': 1, 'model__max_iter': 1000}, {'model__alpha': 1, 'model__max_iter': 2000}, {'model__alpha': 1, 'model__max_iter': 5000}, {'model__alpha': 10, 'model__max_iter': 1000}, {'model__alpha': 10, 'model__max_iter': 2000}, {'model__alpha': 10, 'model__max_iter': 5000}, {'model__alpha': 100, 'model__max_iter': 1000}, {'model__alpha': 100, 'model__max_iter': 2000}, {'model__alpha': 100, 'model__max_iter': 5000}], 'split0_test_score': array([-78308.35968836, -78308.35968836, -78308.35968836, -78308.35001692,
       -78308.35001692, -78308.35001692, -78308.25330256, -78308.25330256,
       -78308.25330256, -78307.28615893, -78307.28615893, -78307.28615893,
       -78297.61472267, -78297.61472267, -78297.61472267]), 'split1_test_score': array([-80818.21873943, -80818.21873943, -80818.21873943, -80818.2108713 ,
       -80818.2108713 , -80818.2108713 , -80818.13219002, -80818.13219002,
       -80818.13219002, -80817.34537725, -80817.34537725, -80817.34537725,
       -80809.47724948, -80809.47724948, -80809.47724948]), 'split2_test_score': array([-83524.71004576, -83524.71004576, -83524.71004576, -83524.7301437 ,
       -83524.7301437 , -83524.7301437 , -83524.93112315, -83524.93112315,
       -83524.93112315, -83526.94091767, -83526.94091767, -83526.94091767,
       -83547.03886286, -83547.03886286, -83547.03886286]), 'split3_test_score': array([-79393.926081  , -79393.926081  , -79393.926081  , -79393.9221465 ,
       -79393.9221465 , -79393.9221465 , -79393.88280144, -79393.88280144,
       -79393.88280144, -79393.48935086, -79393.48935086, -79393.48935086,
       -79389.55484503, -79389.55484503, -79389.55484503]), 'split4_test_score': array([-84270.65224643, -84270.65224643, -84270.65224643, -84270.66803346,
       -84270.66803346, -84270.66803346, -84270.82590381, -84270.82590381,
       -84270.82590381, -84272.4046073 , -84272.4046073 , -84272.4046073 ,
       -84288.1916422 , -84288.1916422 , -84288.1916422 ]), 'mean_test_score': array([-81263.1733602 , -81263.1733602 , -81263.1733602 , -81263.17624238,
       -81263.17624238, -81263.17624238, -81263.2050642 , -81263.2050642 ,
       -81263.2050642 , -81263.4932824 , -81263.4932824 , -81263.4932824 ,
       -81266.37546445, -81266.37546445, -81266.37546445]), 'std_test_score': array([2305.75242695, 2305.75242695, 2305.75242695, 2305.76390817,
       2305.76390817, 2305.76390817, 2305.87872099, 2305.87872099,
       2305.87872099, 2307.02690807, 2307.02690807, 2307.02690807,
       2318.51463257, 2318.51463257, 2318.51463257]), 'rank_test_score': array([ 1,  1,  1,  4,  4,  4,  7,  7,  7, 10, 10, 10, 13, 13, 13],
      dtype=int32)}
2024-08-20 16:45:08,572 - INFO - Model Evaluation: {'MAE': 83716.26417039713, 'MSE': 10852736255.16595, 'R2': 0.9113695098389362}
2024-08-20 16:45:08,577 - INFO - Model saved to best_lasso_model.pkl
